Mon 30 Oct 2023 13:39:41 dell_dt.py ERROR:An error occurred: Message: javascript error: Cannot read properties of null (reading 'style')
  (Session info: headless chrome=118.0.5993.118)
Stacktrace:
	GetHandleVerifier [0x00007FF6BA2278A2+54818]
	(No symbol) [0x00007FF6BA196AD2]
	(No symbol) [0x00007FF6BA04DA3B]
	(No symbol) [0x00007FF6BA05246D]
	(No symbol) [0x00007FF6BA0542AA]
	(No symbol) [0x00007FF6BA0C7C34]
	(No symbol) [0x00007FF6BA0AEAAA]
	(No symbol) [0x00007FF6BA0C75A2]
	(No symbol) [0x00007FF6BA0AE883]
	(No symbol) [0x00007FF6BA083691]
	(No symbol) [0x00007FF6BA0848D4]
	GetHandleVerifier [0x00007FF6BA58B9A2+3610402]
	GetHandleVerifier [0x00007FF6BA5E1870+3962352]
	GetHandleVerifier [0x00007FF6BA5D9D5F+3930847]
	GetHandleVerifier [0x00007FF6BA2C3656+693206]
	(No symbol) [0x00007FF6BA1A1638]
	(No symbol) [0x00007FF6BA19D944]
	(No symbol) [0x00007FF6BA19DA72]
	(No symbol) [0x00007FF6BA18E123]
	BaseThreadInitThunk [0x00007FFDB60E257D+29]
	RtlUserThreadStart [0x00007FFDB6B6AA78+40]
Traceback (most recent call last):
  File "c:\users\frank\onedrive\®à­±\1026 ª¦ÂÎ\web crawler 1026\dell_dt.py", line 180, in <module>
    dell_dock.execute_script("document.body.style.zoom='50%'")
  File "C:\Users\frank\anaconda3_new\Lib\site-packages\selenium\webdriver\remote\webdriver.py", line 406, in execute_script
    return self.execute(command, {"script": script, "args": converted_args})["value"]
           ^^^^^^^^^^^^^^^^^^^^^^^^^^^^^^^^^^^^^^^^^^^^^^^^^^^^^^^^^^^^^^^^^
  File "C:\Users\frank\anaconda3_new\Lib\site-packages\selenium\webdriver\remote\webdriver.py", line 346, in execute
    self.error_handler.check_response(response)
  File "C:\Users\frank\anaconda3_new\Lib\site-packages\selenium\webdriver\remote\errorhandler.py", line 245, in check_response
    raise exception_class(message, screen, stacktrace)
selenium.common.exceptions.JavascriptException: Message: javascript error: Cannot read properties of null (reading 'style')
  (Session info: headless chrome=118.0.5993.118)
Stacktrace:
	GetHandleVerifier [0x00007FF6BA2278A2+54818]
	(No symbol) [0x00007FF6BA196AD2]
	(No symbol) [0x00007FF6BA04DA3B]
	(No symbol) [0x00007FF6BA05246D]
	(No symbol) [0x00007FF6BA0542AA]
	(No symbol) [0x00007FF6BA0C7C34]
	(No symbol) [0x00007FF6BA0AEAAA]
	(No symbol) [0x00007FF6BA0C75A2]
	(No symbol) [0x00007FF6BA0AE883]
	(No symbol) [0x00007FF6BA083691]
	(No symbol) [0x00007FF6BA0848D4]
	GetHandleVerifier [0x00007FF6BA58B9A2+3610402]
	GetHandleVerifier [0x00007FF6BA5E1870+3962352]
	GetHandleVerifier [0x00007FF6BA5D9D5F+3930847]
	GetHandleVerifier [0x00007FF6BA2C3656+693206]
	(No symbol) [0x00007FF6BA1A1638]
	(No symbol) [0x00007FF6BA19D944]
	(No symbol) [0x00007FF6BA19DA72]
	(No symbol) [0x00007FF6BA18E123]
	BaseThreadInitThunk [0x00007FFDB60E257D+29]
	RtlUserThreadStart [0x00007FFDB6B6AA78+40]

